{"E:\\assignment\\src\\components\\Header.js": {"path":"E:\\assignment\\src\\components\\Header.js","statementMap":{"0":{"start":{"line":6,"column":2},"end":{"line":20,"column":4}}},"fnMap":{"0":{"name":"Header","decl":{"start":{"line":5,"column":9},"end":{"line":5,"column":15}},"loc":{"start":{"line":5,"column":32},"end":{"line":21,"column":1}},"line":5}},"branchMap":{},"s":{"0":2},"f":{"0":2},"b":{},"_coverageSchema":"1a1c01bbd47fc00a2c39e90264f33305004495a9","hash":"d4f622adabf535c1bebd2ffd30161cb32fb50513"}
,"E:\\assignment\\src\\components\\WorkerOptions.js": {"path":"E:\\assignment\\src\\components\\WorkerOptions.js","statementMap":{"0":{"start":{"line":9,"column":21},"end":{"line":9,"column":50}},"1":{"start":{"line":11,"column":2},"end":{"line":25,"column":4}},"2":{"start":{"line":14,"column":91},"end":{"line":14,"column":128}},"3":{"start":{"line":20,"column":87},"end":{"line":20,"column":124}}},"fnMap":{"0":{"name":"WorkerOptions","decl":{"start":{"line":8,"column":9},"end":{"line":8,"column":22}},"loc":{"start":{"line":8,"column":41},"end":{"line":26,"column":1}},"line":8},"1":{"name":"(anonymous_1)","decl":{"start":{"line":14,"column":87},"end":{"line":14,"column":88}},"loc":{"start":{"line":14,"column":91},"end":{"line":14,"column":128}},"line":14},"2":{"name":"(anonymous_2)","decl":{"start":{"line":20,"column":83},"end":{"line":20,"column":84}},"loc":{"start":{"line":20,"column":87},"end":{"line":20,"column":124}},"line":20}},"branchMap":{},"s":{"0":1,"1":1,"2":0,"3":1},"f":{"0":1,"1":0,"2":1},"b":{},"_coverageSchema":"1a1c01bbd47fc00a2c39e90264f33305004495a9","hash":"47c42656be0a8d00c51315dada7dd7e45ce4957c"}
,"E:\\assignment\\src\\context\\JobContext.js": {"path":"E:\\assignment\\src\\context\\JobContext.js","statementMap":{"0":{"start":{"line":5,"column":33},"end":{"line":5,"column":54}},"1":{"start":{"line":7,"column":21},"end":{"line":7,"column":23}},"2":{"start":{"line":8,"column":24},"end":{"line":8,"column":62}},"3":{"start":{"line":10,"column":28},"end":{"line":10,"column":64}},"4":{"start":{"line":12,"column":2},"end":{"line":14,"column":9}},"5":{"start":{"line":13,"column":4},"end":{"line":13,"column":17}},"6":{"start":{"line":17,"column":17},"end":{"line":17,"column":89}},"7":{"start":{"line":18,"column":4},"end":{"line":18,"column":64}},"8":{"start":{"line":19,"column":4},"end":{"line":19,"column":21}},"9":{"start":{"line":23,"column":17},"end":{"line":23,"column":89}},"10":{"start":{"line":24,"column":4},"end":{"line":24,"column":63}},"11":{"start":{"line":27,"column":2},"end":{"line":31,"column":4}}},"fnMap":{"0":{"name":"JobContext","decl":{"start":{"line":9,"column":9},"end":{"line":9,"column":19}},"loc":{"start":{"line":9,"column":34},"end":{"line":32,"column":1}},"line":9},"1":{"name":"(anonymous_1)","decl":{"start":{"line":12,"column":12},"end":{"line":12,"column":13}},"loc":{"start":{"line":12,"column":18},"end":{"line":14,"column":3}},"line":12},"2":{"name":"getProfile","decl":{"start":{"line":16,"column":17},"end":{"line":16,"column":27}},"loc":{"start":{"line":16,"column":30},"end":{"line":20,"column":3}},"line":16},"3":{"name":"getMatchingJobs","decl":{"start":{"line":22,"column":17},"end":{"line":22,"column":32}},"loc":{"start":{"line":22,"column":35},"end":{"line":25,"column":3}},"line":22}},"branchMap":{},"s":{"0":1,"1":1,"2":1,"3":0,"4":0,"5":0,"6":0,"7":0,"8":0,"9":0,"10":0,"11":0},"f":{"0":0,"1":0,"2":0,"3":0},"b":{},"_coverageSchema":"1a1c01bbd47fc00a2c39e90264f33305004495a9","hash":"2c93c8a277a0af31900aee1d86dc6eee390acc1e"}
,"E:\\assignment\\src\\reducers\\jobReducer.js": {"path":"E:\\assignment\\src\\reducers\\jobReducer.js","statementMap":{"0":{"start":{"line":1,"column":21},"end":{"line":1,"column":23}},"1":{"start":{"line":4,"column":2},"end":{"line":40,"column":3}},"2":{"start":{"line":6,"column":24},"end":{"line":6,"column":34}},"3":{"start":{"line":8,"column":26},"end":{"line":13,"column":7}},"4":{"start":{"line":15,"column":6},"end":{"line":15,"column":43}},"5":{"start":{"line":18,"column":30},"end":{"line":18,"column":40}},"6":{"start":{"line":19,"column":6},"end":{"line":19,"column":55}},"7":{"start":{"line":20,"column":6},"end":{"line":20,"column":29}},"8":{"start":{"line":23,"column":6},"end":{"line":23,"column":33}},"9":{"start":{"line":24,"column":23},"end":{"line":24,"column":33}},"10":{"start":{"line":25,"column":25},"end":{"line":25,"column":49}},"11":{"start":{"line":26,"column":6},"end":{"line":33,"column":8}},"12":{"start":{"line":27,"column":8},"end":{"line":31,"column":9}},"13":{"start":{"line":28,"column":10},"end":{"line":28,"column":31}},"14":{"start":{"line":30,"column":10},"end":{"line":30,"column":32}},"15":{"start":{"line":32,"column":8},"end":{"line":32,"column":21}},"16":{"start":{"line":34,"column":6},"end":{"line":34,"column":46}},"17":{"start":{"line":35,"column":6},"end":{"line":35,"column":22}},"18":{"start":{"line":38,"column":6},"end":{"line":38,"column":33}},"19":{"start":{"line":39,"column":6},"end":{"line":39,"column":12}},"20":{"start":{"line":41,"column":2},"end":{"line":41,"column":15}}},"fnMap":{"0":{"name":"jobReducer","decl":{"start":{"line":2,"column":16},"end":{"line":2,"column":26}},"loc":{"start":{"line":2,"column":57},"end":{"line":42,"column":1}},"line":2},"1":{"name":"(anonymous_1)","decl":{"start":{"line":26,"column":38},"end":{"line":26,"column":39}},"loc":{"start":{"line":26,"column":47},"end":{"line":33,"column":7}},"line":26}},"branchMap":{"0":{"loc":{"start":{"line":2,"column":27},"end":{"line":2,"column":47}},"type":"default-arg","locations":[{"start":{"line":2,"column":35},"end":{"line":2,"column":47}}],"line":2},"1":{"loc":{"start":{"line":4,"column":2},"end":{"line":40,"column":3}},"type":"switch","locations":[{"start":{"line":5,"column":4},"end":{"line":15,"column":43}},{"start":{"line":17,"column":4},"end":{"line":20,"column":29}},{"start":{"line":22,"column":4},"end":{"line":35,"column":22}},{"start":{"line":37,"column":6},"end":{"line":39,"column":12}}],"line":4},"2":{"loc":{"start":{"line":27,"column":8},"end":{"line":31,"column":9}},"type":"if","locations":[{"start":{"line":27,"column":8},"end":{"line":31,"column":9}},{"start":{"line":27,"column":8},"end":{"line":31,"column":9}}],"line":27}},"s":{"0":1,"1":0,"2":0,"3":0,"4":0,"5":0,"6":0,"7":0,"8":0,"9":0,"10":0,"11":0,"12":0,"13":0,"14":0,"15":0,"16":0,"17":0,"18":0,"19":0,"20":0},"f":{"0":0,"1":0},"b":{"0":[0],"1":[0,0,0,0],"2":[0,0]},"_coverageSchema":"1a1c01bbd47fc00a2c39e90264f33305004495a9","hash":"e0763e9373ae0ac05a899cb339fb27e0173574a2"}
,"E:\\assignment\\src\\utils\\workerOptions.util.js": {"path":"E:\\assignment\\src\\utils\\workerOptions.util.js","statementMap":{"0":{"start":{"line":4,"column":15},"end":{"line":6,"column":3}},"1":{"start":{"line":8,"column":2},"end":{"line":8,"column":84}},"2":{"start":{"line":9,"column":2},"end":{"line":9,"column":14}},"3":{"start":{"line":13,"column":15},"end":{"line":15,"column":3}},"4":{"start":{"line":16,"column":2},"end":{"line":16,"column":84}}},"fnMap":{"0":{"name":"acceptJob","decl":{"start":{"line":3,"column":22},"end":{"line":3,"column":31}},"loc":{"start":{"line":3,"column":61},"end":{"line":10,"column":1}},"line":3},"1":{"name":"rejectJob","decl":{"start":{"line":12,"column":22},"end":{"line":12,"column":31}},"loc":{"start":{"line":12,"column":61},"end":{"line":17,"column":1}},"line":12}},"branchMap":{"0":{"loc":{"start":{"line":8,"column":2},"end":{"line":8,"column":83}},"type":"binary-expr","locations":[{"start":{"line":8,"column":2},"end":{"line":8,"column":6}},{"start":{"line":8,"column":10},"end":{"line":8,"column":83}}],"line":8},"1":{"loc":{"start":{"line":16,"column":2},"end":{"line":16,"column":83}},"type":"binary-expr","locations":[{"start":{"line":16,"column":2},"end":{"line":16,"column":6}},{"start":{"line":16,"column":10},"end":{"line":16,"column":83}}],"line":16}},"s":{"0":2,"1":2,"2":2,"3":0,"4":0},"f":{"0":2,"1":0},"b":{"0":[2,0],"1":[0,0]},"_coverageSchema":"1a1c01bbd47fc00a2c39e90264f33305004495a9","hash":"ff07e17758782f6bfdb75e300d82e4c79545abb0"}
}
