TN:
SF:src\components\Header.js
FN:5,Header
FNF:1
FNH:1
FNDA:2,Header
DA:6,2
LF:1
LH:1
BRF:0
BRH:0
end_of_record
TN:
SF:src\components\WorkerOptions.js
FN:8,WorkerOptions
FN:14,(anonymous_1)
FN:20,(anonymous_2)
FNF:3
FNH:2
FNDA:1,WorkerOptions
FNDA:0,(anonymous_1)
FNDA:1,(anonymous_2)
DA:9,1
DA:11,1
DA:14,0
DA:20,1
LF:4
LH:3
BRF:0
BRH:0
end_of_record
TN:
SF:src\context\JobContext.js
FN:9,JobContext
FN:12,(anonymous_1)
FN:16,getProfile
FN:22,getMatchingJobs
FNF:4
FNH:0
FNDA:0,JobContext
FNDA:0,(anonymous_1)
FNDA:0,getProfile
FNDA:0,getMatchingJobs
DA:5,1
DA:7,1
DA:8,1
DA:10,0
DA:12,0
DA:13,0
DA:17,0
DA:18,0
DA:19,0
DA:23,0
DA:24,0
DA:27,0
LF:12
LH:3
BRF:0
BRH:0
end_of_record
TN:
SF:src\reducers\jobReducer.js
FN:2,jobReducer
FN:26,(anonymous_1)
FNF:2
FNH:0
FNDA:0,jobReducer
FNDA:0,(anonymous_1)
DA:1,1
DA:4,0
DA:6,0
DA:8,0
DA:15,0
DA:18,0
DA:19,0
DA:20,0
DA:23,0
DA:24,0
DA:25,0
DA:26,0
DA:27,0
DA:28,0
DA:30,0
DA:32,0
DA:34,0
DA:35,0
DA:38,0
DA:39,0
DA:41,0
LF:21
LH:1
BRDA:2,0,0,0
BRDA:4,1,0,0
BRDA:4,1,1,0
BRDA:4,1,2,0
BRDA:4,1,3,0
BRDA:27,2,0,0
BRDA:27,2,1,0
BRF:7
BRH:0
end_of_record
TN:
SF:src\utils\workerOptions.util.js
FN:3,acceptJob
FN:12,rejectJob
FNF:2
FNH:1
FNDA:2,acceptJob
FNDA:0,rejectJob
DA:4,2
DA:8,2
DA:9,2
DA:13,0
DA:16,0
LF:5
LH:3
BRDA:8,0,0,2
BRDA:8,0,1,0
BRDA:16,1,0,0
BRDA:16,1,1,0
BRF:4
BRH:1
end_of_record
